[ 2012-10-29T22:35:09+08:00 ] 127.0.0.1 /dingcms/admin.php/Login
INFO: [ route_check ] --START--
INFO: Run CheckRoute Behavior [ RunTime:0.025362s ]
INFO: [ route_check ] --END-- [ RunTime:0.025519s ]
INFO: [ app_begin ] --START--
INFO: Run ReadHtmlCache Behavior [ RunTime:-0.001311s ]
INFO: Run CheckLang Behavior [ RunTime:-0.002548s ]
INFO: [ app_begin ] --END-- [ RunTime:0.004441s ]
INFO: [ view_template ] --START--
INFO: Run LocationTemplate Behavior [ RunTime:-0.064176s ]
INFO: [ view_template ] --END-- [ RunTime:0.003539s ]
INFO: [ view_parse ] --START--
INFO: Run ParseTemplate Behavior [ RunTime:-0.067807s ]
INFO: [ view_parse ] --END-- [ RunTime:0.071942s ]
INFO: [ view_filter ] --START--
INFO: Run ContentReplace Behavior [ RunTime:-0.139832s ]
INFO: Run TokenBuild Behavior [ RunTime:-0.141794s ]
INFO: Run WriteHtmlCache Behavior [ RunTime:-0.143948s ]
INFO: Run ShowRuntime Behavior [ RunTime:-0.146140s ]
INFO: [ view_filter ] --END-- [ RunTime:0.009573s ]
INFO: [ view_end ] --START--
INFO: Run ShowPageTrace Behavior [ RunTime:-0.149549s ]
INFO: [ view_end ] --END-- [ RunTime:0.002570s ]

[ 2012-10-29T22:35:10+08:00 ] 127.0.0.1 /dingcms/admin.php/Login/vercode
INFO: [ route_check ] --START--
INFO: Run CheckRoute Behavior [ RunTime:0.003561s ]
INFO: [ route_check ] --END-- [ RunTime:0.003797s ]
INFO: [ app_begin ] --START--
INFO: Run ReadHtmlCache Behavior [ RunTime:-0.001611s ]
INFO: Run CheckLang Behavior [ RunTime:-0.003227s ]
INFO: [ app_begin ] --END-- [ RunTime:0.005878s ]

[ 2012-10-29T22:35:14+08:00 ] 127.0.0.1 /dingcms/admin.php/Login/dologin
INFO: [ route_check ] --START--
INFO: Run CheckRoute Behavior [ RunTime:0.005340s ]
INFO: [ route_check ] --END-- [ RunTime:0.005542s ]
INFO: [ app_begin ] --START--
INFO: Run ReadHtmlCache Behavior [ RunTime:-0.000691s ]
INFO: Run CheckLang Behavior [ RunTime:-0.001907s ]
INFO: [ app_begin ] --END-- [ RunTime:0.003953s ]
SQL: SHOW COLUMNS FROM `ding_operators` [ RunTime:0.127258s ]
SQL: SELECT * FROM `ding_operators` WHERE ( `username` = 'admin' ) LIMIT 1   [ RunTime:0.018004s ]
INFO: [ view_template ] --START--
INFO: Run LocationTemplate Behavior [ RunTime:-0.435044s ]
INFO: [ view_template ] --END-- [ RunTime:0.002802s ]
INFO: [ view_parse ] --START--
INFO: Run ParseTemplate Behavior [ RunTime:-0.437950s ]
INFO: [ view_parse ] --END-- [ RunTime:0.035419s ]
INFO: [ view_filter ] --START--
INFO: Run ContentReplace Behavior [ RunTime:-0.473434s ]
INFO: Run TokenBuild Behavior [ RunTime:-0.474766s ]
INFO: Run WriteHtmlCache Behavior [ RunTime:-0.476342s ]
INFO: Run ShowRuntime Behavior [ RunTime:-0.477541s ]
INFO: [ view_filter ] --END-- [ RunTime:0.006159s ]
INFO: [ view_end ] --START--
INFO: Run ShowPageTrace Behavior [ RunTime:-0.479708s ]
INFO: [ view_end ] --END-- [ RunTime:0.002244s ]

[ 2012-10-29T22:35:15+08:00 ] 127.0.0.1 /dingcms/admin.php
INFO: [ app_begin ] --START--
INFO: Run ReadHtmlCache Behavior [ RunTime:0.000845s ]
INFO: Run CheckLang Behavior [ RunTime:-0.000070s ]
INFO: [ app_begin ] --END-- [ RunTime:0.002971s ]

[ 2012-10-29T22:35:15+08:00 ] 127.0.0.1 /dingcms/admin.php
INFO: [ view_template ] --START--
INFO: Run LocationTemplate Behavior [ RunTime:-0.047112s ]
INFO: [ view_template ] --END-- [ RunTime:0.017021s ]
INFO: [ view_parse ] --START--
INFO: Run ParseTemplate Behavior [ RunTime:-0.064215s ]
INFO: [ view_parse ] --END-- [ RunTime:0.206280s ]
INFO: [ view_filter ] --START--
INFO: Run ContentReplace Behavior [ RunTime:-0.270761s ]
INFO: Run TokenBuild Behavior [ RunTime:-0.271727s ]
INFO: Run WriteHtmlCache Behavior [ RunTime:-0.272457s ]
INFO: Run ShowRuntime Behavior [ RunTime:-0.273014s ]
INFO: [ view_filter ] --END-- [ RunTime:0.005063s ]
INFO: [ view_end ] --START--
INFO: Run ShowPageTrace Behavior [ RunTime:-0.275777s ]
INFO: [ view_end ] --END-- [ RunTime:0.003057s ]

[ 2012-10-29T22:35:18+08:00 ] 127.0.0.1 /dingcms/admin.php/NavHead/index?_=1351521318823
INFO: [ route_check ] --START--
INFO: Run CheckRoute Behavior [ RunTime:0.002819s ]
INFO: [ route_check ] --END-- [ RunTime:0.002980s ]
INFO: [ app_begin ] --START--
INFO: Run ReadHtmlCache Behavior [ RunTime:-0.001205s ]
INFO: Run CheckLang Behavior [ RunTime:-0.002428s ]
INFO: [ app_begin ] --END-- [ RunTime:0.004434s ]

[ 2012-10-29T22:35:18+08:00 ] 127.0.0.1 /dingcms/admin.php/NavHead/index?_=1351521318823
INFO: [ view_template ] --START--
INFO: Run LocationTemplate Behavior [ RunTime:-0.039002s ]
INFO: [ view_template ] --END-- [ RunTime:0.003623s ]
INFO: [ view_parse ] --START--
INFO: Run ParseTemplate Behavior [ RunTime:-0.042703s ]
INFO: [ view_parse ] --END-- [ RunTime:0.075132s ]
INFO: [ view_filter ] --START--
INFO: Run ContentReplace Behavior [ RunTime:-0.117915s ]
INFO: Run TokenBuild Behavior [ RunTime:-0.119829s ]
INFO: Run WriteHtmlCache Behavior [ RunTime:-0.121740s ]
INFO: Run ShowRuntime Behavior [ RunTime:-0.123467s ]
INFO: [ view_filter ] --END-- [ RunTime:0.008178s ]
INFO: [ view_end ] --START--
INFO: Run ShowPageTrace Behavior [ RunTime:-0.126323s ]
INFO: [ view_end ] --END-- [ RunTime:0.003473s ]

[ 2012-10-29T22:35:19+08:00 ] 127.0.0.1 /dingcms/admin.php/NavHead/json
INFO: [ route_check ] --START--
INFO: Run CheckRoute Behavior [ RunTime:0.002384s ]
INFO: [ route_check ] --END-- [ RunTime:0.002542s ]
INFO: [ app_begin ] --START--
INFO: Run ReadHtmlCache Behavior [ RunTime:-0.001347s ]
INFO: Run CheckLang Behavior [ RunTime:-0.002622s ]
INFO: [ app_begin ] --END-- [ RunTime:0.005027s ]

[ 2012-10-29T22:35:19+08:00 ] 127.0.0.1 /dingcms/admin.php/NavHead/json
SQL: SHOW COLUMNS FROM `ding_nav_head` [ RunTime:0.245145s ]
SQL: SELECT * FROM `ding_nav_head`  [ RunTime:0.008312s ]
SQL: SELECT COUNT(id) AS tp_count FROM `ding_nav_head` LIMIT 1   [ RunTime:0.000567s ]

[ 2012-10-29T22:35:19+08:00 ] 127.0.0.1 /dingcms/admin.php/NavHead/json
INFO: [ route_check ] --START--
INFO: Run CheckRoute Behavior [ RunTime:0.002179s ]
INFO: [ route_check ] --END-- [ RunTime:0.002351s ]
INFO: [ app_begin ] --START--
INFO: Run ReadHtmlCache Behavior [ RunTime:-0.001317s ]
INFO: Run CheckLang Behavior [ RunTime:-0.002825s ]
INFO: [ app_begin ] --END-- [ RunTime:0.005172s ]

[ 2012-10-29T22:35:19+08:00 ] 127.0.0.1 /dingcms/admin.php/NavHead/json
SQL: SHOW COLUMNS FROM `ding_nav_head` [ RunTime:0.003534s ]
SQL: SELECT * FROM `ding_nav_head`  [ RunTime:0.006335s ]
SQL: SELECT COUNT(id) AS tp_count FROM `ding_nav_head` LIMIT 1   [ RunTime:0.000687s ]

[ 2012-10-29T22:35:19+08:00 ] 127.0.0.1 /dingcms/admin.php/NavHead/json
INFO: [ route_check ] --START--
INFO: Run CheckRoute Behavior [ RunTime:0.002972s ]
INFO: [ route_check ] --END-- [ RunTime:0.003143s ]
INFO: [ app_begin ] --START--
INFO: Run ReadHtmlCache Behavior [ RunTime:-0.001306s ]
INFO: Run CheckLang Behavior [ RunTime:-0.003408s ]
INFO: [ app_begin ] --END-- [ RunTime:0.006352s ]

[ 2012-10-29T22:35:19+08:00 ] 127.0.0.1 /dingcms/admin.php/NavHead/json
SQL: SHOW COLUMNS FROM `ding_nav_head` [ RunTime:0.004332s ]
SQL: SELECT * FROM `ding_nav_head`  [ RunTime:0.006741s ]
SQL: SELECT COUNT(id) AS tp_count FROM `ding_nav_head` LIMIT 1   [ RunTime:0.001323s ]

[ 2012-10-29T23:43:00+08:00 ] ERR: (ThinkException) 无法加载模块:Model
